[21:09:48] [ServerMain/INFO]: Environment: authHost='https://authserver.mojang.com', accountsHost='https://api.mojang.com', sessionHost='https://sessionserver.mojang.com', servicesHost='https://api.minecraftservices.com', name='PROD'
[21:09:50] [ServerMain/INFO]: Loaded 7 recipes
[21:09:51] [ServerMain/INFO]: Loaded 1179 advancements
[21:09:51] [Server thread/INFO]: Starting minecraft server version 1.19.4
[21:09:51] [Server thread/INFO]: Loading properties
[21:09:51] [Server thread/INFO]: Default game type: SURVIVAL
[21:09:51] [Server thread/INFO]: Generating keypair
[21:09:52] [Server thread/INFO]: Starting Minecraft server on *:25565
[21:09:52] [Server thread/INFO]: Using epoll channel type
[21:09:52] [Server thread/INFO]: Preparing level "world"
[21:09:57] [Server thread/INFO]: Preparing start region for dimension minecraft:overworld
[21:10:04] [Worker-Main-1/INFO]: Preparing spawn area: 0%
[21:10:04] [Worker-Main-1/INFO]: Preparing spawn area: 0%
[21:10:04] [Worker-Main-1/INFO]: Preparing spawn area: 0%
[21:10:04] [Worker-Main-1/INFO]: Preparing spawn area: 0%
[21:10:04] [Worker-Main-1/INFO]: Preparing spawn area: 0%
[21:10:04] [Worker-Main-1/INFO]: Preparing spawn area: 0%
[21:10:04] [Worker-Main-1/INFO]: Preparing spawn area: 0%
[21:10:04] [Worker-Main-1/INFO]: Preparing spawn area: 0%
[21:10:04] [Worker-Main-1/INFO]: Preparing spawn area: 0%
[21:10:04] [Worker-Main-1/INFO]: Preparing spawn area: 0%
[21:10:04] [Worker-Main-1/INFO]: Preparing spawn area: 0%
[21:10:04] [Worker-Main-1/INFO]: Preparing spawn area: 0%
[21:10:04] [Worker-Main-1/INFO]: Preparing spawn area: 0%
[21:10:04] [Worker-Main-1/INFO]: Preparing spawn area: 0%
[21:10:04] [Worker-Main-1/INFO]: Preparing spawn area: 0%
[21:10:05] [Worker-Main-1/INFO]: Preparing spawn area: 0%
[21:10:05] [Worker-Main-1/INFO]: Preparing spawn area: 0%
[21:10:06] [Worker-Main-1/INFO]: Preparing spawn area: 0%
[21:10:06] [Worker-Main-1/INFO]: Preparing spawn area: 4%
[21:10:07] [Worker-Main-1/INFO]: Preparing spawn area: 80%
[21:10:07] [Server thread/INFO]: Time elapsed: 9842 ms
[21:10:07] [Server thread/INFO]: Done (15.127s)! For help, type "help"
[21:10:07] [Server thread/INFO]: Starting remote control listener
[21:10:07] [Server thread/INFO]: Thread RCON Listener started
[21:10:07] [Server thread/INFO]: RCON running on 0.0.0.0:25575
[21:10:25] [User Authenticator #1/INFO]: UUID of player ecoblaxter is 087cf311-8d52-4992-8d56-ef2f9d43de3d
[21:10:25] [Server thread/INFO]: ecoblaxter[/83.37.41.156:53779] logged in with entity id 76 at (38.5, 91.0, -151.5)
[21:10:25] [Server thread/INFO]: ecoblaxter joined the game
[21:10:29] [Server thread/WARN]: Can't keep up! Is the server overloaded? Running 2039ms or 40 ticks behind
[21:16:34] [Server thread/INFO]: ecoblaxter lost connection: Disconnected
[21:16:34] [Server thread/INFO]: ecoblaxter left the game
[21:17:17] [RCON Listener #1/INFO]: Thread RCON Client /127.0.0.1 started
[21:17:17] [Server thread/INFO]: [Rcon: Stopping the server]
[21:17:17] [RCON Client /127.0.0.1 #2/INFO]: Thread RCON Client /127.0.0.1 shutting down
[21:17:17] [Server thread/INFO]: Stopping server
[21:17:17] [Server thread/INFO]: Saving players
[21:17:17] [Server thread/INFO]: Saving worlds
[21:17:20] [Server thread/INFO]: Saving chunks for level 'ServerLevel[world]'/minecraft:overworld
[21:17:21] [Server thread/INFO]: Saving chunks for level 'ServerLevel[world]'/minecraft:the_end
[21:17:21] [Server thread/INFO]: Saving chunks for level 'ServerLevel[world]'/minecraft:the_nether
[21:17:21] [Server thread/INFO]: ThreadedAnvilChunkStorage (world): All chunks are saved
[21:17:21] [Server thread/INFO]: ThreadedAnvilChunkStorage (DIM1): All chunks are saved
[21:17:21] [Server thread/INFO]: ThreadedAnvilChunkStorage (DIM-1): All chunks are saved
[21:17:21] [Server thread/INFO]: ThreadedAnvilChunkStorage: All dimensions are saved
[21:17:21] [Server thread/INFO]: Thread RCON Listener stopped
